<?xml version="1.0" encoding="UTF-8" standalone="no"?>
<!DOCTYPE log SYSTEM "logger.dtd">
<log>
<record>
  <date>2019-04-04T09:32:07</date>
  <millis>1554395527791</millis>
  <sequence>0</sequence>
  <level>START</level>
  <class>com.kms.katalon.core.logging.XmlKeywordLogger</class>
  <method>startSuite</method>
  <thread>1</thread>
  <message>Start Test Suite : Test Suites/TS2_Add_Site</message>
  <nestedLevel>0</nestedLevel>
  <property name="name">TS2_Add_Site</property>
  <property name="description"></property>
  <property name="id">Test Suites/TS2_Add_Site</property>
</record>
<record>
  <date>2019-04-04T09:32:07</date>
  <millis>1554395527823</millis>
  <sequence>1</sequence>
  <level>RUN_DATA</level>
  <class>com.kms.katalon.core.logging.XmlKeywordLogger</class>
  <method>logMessage</method>
  <thread>1</thread>
  <message>hostName = ktran - engshare.delphidisplay.com</message>
  <nestedLevel>0</nestedLevel>
  <property name="hostName">ktran - engshare.delphidisplay.com</property>
</record>
<record>
  <date>2019-04-04T09:32:07</date>
  <millis>1554395527824</millis>
  <sequence>2</sequence>
  <level>RUN_DATA</level>
  <class>com.kms.katalon.core.logging.XmlKeywordLogger</class>
  <method>logMessage</method>
  <thread>1</thread>
  <message>os = Windows 10 64bit</message>
  <nestedLevel>0</nestedLevel>
  <property name="os">Windows 10 64bit</property>
</record>
<record>
  <date>2019-04-04T09:32:07</date>
  <millis>1554395527825</millis>
  <sequence>3</sequence>
  <level>RUN_DATA</level>
  <class>com.kms.katalon.core.logging.XmlKeywordLogger</class>
  <method>logMessage</method>
  <thread>1</thread>
  <message>hostAddress = 192.168.11.14</message>
  <nestedLevel>0</nestedLevel>
  <property name="hostAddress">192.168.11.14</property>
</record>
<record>
  <date>2019-04-04T09:32:07</date>
  <millis>1554395527828</millis>
  <sequence>4</sequence>
  <level>RUN_DATA</level>
  <class>com.kms.katalon.core.logging.XmlKeywordLogger</class>
  <method>logMessage</method>
  <thread>1</thread>
  <message>katalonVersion = 6.0.5.10</message>
  <nestedLevel>0</nestedLevel>
  <property name="katalonVersion">6.0.5.10</property>
</record>
<record>
  <date>2019-04-04T09:32:08</date>
  <millis>1554395528603</millis>
  <sequence>5</sequence>
  <level>START</level>
  <class>com.kms.katalon.core.logging.XmlKeywordLogger</class>
  <method>startTest</method>
  <thread>1</thread>
  <message>Start Test Case : Test Cases/Login_Tests/TC1_Login_Valid</message>
  <nestedLevel>1</nestedLevel>
  <property name="name">Test Cases/Login_Tests/TC1_Login_Valid</property>
  <property name="description"></property>
  <property name="id">Test Cases/Login_Tests/TC1_Login_Valid</property>
  <property name="source">C:\\Users\\ktran\\Katalon Studio\\cloud_test2\\Test Cases\\Login_Tests\\TC1_Login_Valid.tc</property>
  <property name="isOptional">false</property>
</record>
<record>
  <date>2019-04-04T09:32:09</date>
  <millis>1554395529648</millis>
  <sequence>7</sequence>
  <level>INFO</level>
  <class>com.kms.katalon.core.logging.XmlKeywordLogger</class>
  <method>logMessage</method>
  <thread>1</thread>
  <message>(Default) Username = ktran2</message>
  <nestedLevel>1</nestedLevel>
</record>
<record>
  <date>2019-04-04T09:32:09</date>
  <millis>1554395529704</millis>
  <sequence>8</sequence>
  <level>INFO</level>
  <class>com.kms.katalon.core.logging.XmlKeywordLogger</class>
  <method>logMessage</method>
  <thread>1</thread>
  <message>(Default) Password = test!ng!</message>
  <nestedLevel>1</nestedLevel>
</record>
<record>
  <date>2019-04-04T09:32:10</date>
  <millis>1554395530621</millis>
  <sequence>9</sequence>
  <level>START</level>
  <class>com.kms.katalon.core.logging.XmlKeywordLogger</class>
  <method>startKeyword</method>
  <thread>1</thread>
  <message>Start action : openBrowser(\&amp;quot;\&amp;quot;)</message>
  <nestedLevel>1</nestedLevel>
  <property name="startLine">16</property>
  <property name="stepIndex">1</property>
</record>
<record>
  <date>2019-04-04T09:32:11</date>
  <millis>1554395531409</millis>
  <sequence>11</sequence>
  <level>INFO</level>
  <class>com.kms.katalon.core.logging.XmlKeywordLogger</class>
  <method>logMessage</method>
  <thread>1</thread>
  <message>Starting &amp;apos;Chrome&amp;apos; driver</message>
  <nestedLevel>1</nestedLevel>
</record>
<record>
  <date>2019-04-04T09:32:11</date>
  <millis>1554395531529</millis>
  <sequence>12</sequence>
  <level>INFO</level>
  <class>com.kms.katalon.core.logging.XmlKeywordLogger</class>
  <method>logMessage</method>
  <thread>1</thread>
  <message>Action delay is set to 0 seconds</message>
  <nestedLevel>1</nestedLevel>
</record>
